ISim log file
Running: C:\workspace\ise_project\FFT\Ab_Mag_tb_isim_beh.exe -intstyle ise -gui -tclbatch isim.cmd -wdb C:/workspace/ise_project/FFT/Ab_Mag_tb_isim_beh.wdb 
ISim P.49d (signature 0x7708f090)
WARNING: A WEBPACK license was found.
WARNING: Please use Xilinx License Configuration Manager to check out a full ISim license.
WARNING: ISim will run in Lite mode. Please refer to the ISim documentation for more information on the differences between the Lite and the Full version.
This is a Lite version of ISim.
Time resolution is 1 ps
# onerror resume
# wave add /
# run 1000 ns
Simulator is doing circuit initialization process.
Finished circuit initialization process.
WARNING: This is a limited version of the ISim. The current design has exceeded the design size limit for this version and the performance of the simulation will be derated. Please contact your nearest sales office at http://www.xilinx.com/company/contact.htm or visit the Xilinx on-line store at http://www.xilinx.com/onlinestore/design_resources.htm if interested in purchasing the full, unlimited version of this simulator.
	Input Data

	3f800000


	Input Data

	3f800000


	Input Data

	3f800000


	Input Data

	3f800000


	Input Data

	3f800000


	Input Data

	3f800000


	Input Data

	3f800000


	Input Data

	3f800000


	Input Data

	3f800000


	Input Data

	3f800000


	Input Data

	3f800000


	Input Data

	3f800000


	Input Data

	3f800000


	Input Data

	3f800000


	Input Data

	3f800000


	Input Data

	3f800000


	Input Data

	3f800000


	Input Data

	3f800000


	Input Data

	3f800000


	Input Data

	3f800000


	Input Data

	3f800000


	Input Data

	3f800000


	Input Data

	3f800000


	Input Data

	3f800000


	Input Data

	3f800000


	Input Data

	3f800000


	Input Data

	3f800000


	Input Data

	3f800000


	Input Data

	3f800000


	Input Data

	3f800000


	Input Data

	3f800000


	Input Data

	3f800000


	Input Data

	3f800000


	Input Data

	3f800000


	Input Data

	3f800000


	Input Data

	3f800000


	Input Data

	3f800000


	Input Data

	3f800000


	Input Data

	3f800000


	Input Data

	3f800000


	Input Data

	3f800000


	Input Data

	3f800000


	Input Data

	3f800000


	Input Data

	3f800000


	Input Data

	3f800000


	Input Data

	3f800000


	Input Data

	3f800000


	Input Data

	3f800000


	Input Data

	3f800000


	Input Data

	3f800000


	Input Data

	3f800000


	Input Data

	3f800000


	Input Data

	3f800000


	Input Data

	3f800000


	Input Data

	3f800000


	Input Data

	3f800000


	Input Data

	3f800000


	Input Data

	3f800000


	Input Data

	3f800000


	Input Data

	3f800000


	Input Data

	3f800000


	Input Data

	3f800000


	Input Data

	3f800000


	Input Data

	3f800000


	Input Data

	0


	Input Data

	0


	Input Data

	0


	Input Data

	0


	Input Data

	0


	Input Data

	0


	Input Data

	0


	Input Data

	0


	Input Data

	0


	Input Data

	0


	Input Data

	0


	Input Data

	0


	Input Data

	0


	Input Data

	0


	Input Data

	0


	Input Data

	0


	Input Data

	0


	Input Data

	0


	Input Data

	0


	Input Data

	0


	Input Data

	0


	Input Data

	0


	Input Data

	0


	Input Data

	0


	Input Data

	0


# run all
	Input Data

	0


	Input Data

	0


	Input Data

	0


	Input Data

	0


	Input Data

	0


	Input Data

	0


	Input Data

	0


	Input Data

	0


	Input Data

	0


	Input Data

	0


	Input Data

	0


	Input Data

	0


	Input Data

	0


	Input Data

	0


	Input Data

	0


	Input Data

	0


	Input Data

	0


	Input Data

	0


	Input Data

	0


	Input Data

	0


	Input Data

	0


	Input Data

	0


	Input Data

	0


	Input Data

	0


	Input Data

	0


	Input Data

	0


	Input Data

	0


	Input Data

	0


	Input Data

	0


	Input Data

	0


	Input Data

	0


	Input Data

	0


	Input Data

	0


	Input Data

	0


	Input Data

	0


	Input Data

	0


	Input Data

	0


	Input Data

	0


	Input Data

	0


	00000000000000000000000000000000,,01000101100000000000000000000000


	00000000000000000000000000000000,,01000101100000000000000000000000


	01000100110011110110110000100111,,00111111100000000000000000100000


	00000000000000000000000000000000,,00000000000000000000000000000000


	01000011001101111100100010001000,,00111111011111111111111111100000


	00000000000000000000000000000000,,00000000000000000000000000000000


	01000010100000110111100011101111,,00111111100000000000000000000000


	00000000000000000000000000000000,,00000000000000000000000000000000


	01000010000001001101101011110010,,00111111100000000000000000000000


	00000000000000000000000000000000,,00000000000000000000000000000000


	01000001100111101010010111101001,,00111111011111111111111111100000


	00000000000000000000000000000000,,00000000000000000000000000000000


	01000001010100001110110000100001,,00111111011111111111111111100000


	00000000000000000000000000000000,,00000000000000000000000000000000


	01000001000100101001101110100011,,00111111011111111111111111100000


	00000000000000000000000000000000,,00000000000000000000000000000000


	01000000110101110000111011001010,,00111111100000000000000000000000


	00000000000000000000000000000000,,00000000000000000000000000000000


	01000000101000101101110000101001,,00111111011111111111111111000000


	00000000000000000000000000000000,,00000000000000000000000000000000


	01000000011111001001100010011011,,00111111100000000000000000000000


	00000000000000000000000000000000,,00000000000000000000000000000000


	01000000010001110110111000100111,,00111111011111111111111111100000


	00000000000000000000000000000000,,00000000000000000000000000000000


	01000000000111111001101000110111,,00111111100000000000000000000000


	00000000000000000000000000000000,,00000000000000000000000000000000


	01000000000000010000011110100101,,00111111011111111111111111100000


	00000000000000000000000000000000,,00000000000000000000000000000000


	00111111110100100010101100001101,,00111111011111111111111111100000


	00000000000000000000000000000000,,00000000000000000000000000000000


	00111111101011000000010110111110,,00111111100000000000000000000000


	00000000000000000000000000000000,,00000000000000000000000000000000


	00111111100011010011010110100100,,00111111011111111111111111100000


	00000000000000000000000000000000,,00000000000000000000000000000000


	00111111011010000000110101100000,,00111111011111111111111111100000


	00000000000000000000000000000000,,00000000000000000000000000000000


	00111111001111100111110010111101,,00111111011111111111111111100000


	00000000000000000000000000000000,,00000000000000000000000000000000


	00111111000110111110100111010001,,00111111011111111111111111100000


	00000000000000000000000000000000,,00000000000000000000000000000000


	00111110111111011111010100001100,,00111111100000000000000000000000


	00000000000000000000000000000000,,00000000000000000000000000000000


	00111110110011010100111110001000,,00111111011111111111111111100000


	00000000000000000000000000000000,,00000000000000000000000000000000


	00111110101001000100111011100011,,00111111100000000000000000000000


	00000000000000000000000000000000,,00000000000000000000000000000000


	00111110100000011011100110011010,,00111111100000000000000000000000


	00000000000000000000000000000000,,00000000000000000000000000000000


	00111110010010010011010000101010,,00111111011111111111111111100000


	00000000000000000000000000000000,,00000000000000000000000000000000


	00111110000110000101111001110001,,00111111011111111111111111100000


	00000000000000000000000000000000,,00000000000000000000000000000000


	00111101110111111000001000011000,,00111111011111111111111111100000


	00000000000000000000000000000000,,00000000000000000000000000000000


	00111101100111001101011111001101,,00111111011111111111111111100000


	00000000000000000000000000000000,,00000000000000000000000000000000


	00111101010011101000101110111111,,00111111011111111111111111100000


	00000000000000000000000000000000,,00000000000000000000000000000000


	00111100111101101010010110001000,,00111111011111111111111111100000


	00000000000000000000000000000000,,00000000000000000000000000000000


	00111100011110010011110110010011,,00111111011111111111111111100000


	00000000000000000000000000000000,,00000000000000000000000000000000


	00111011101100100100110001111011,,00111111011111111111111111100000


	00000000000000000000000000000000,,00000000000000000000000000000000


	00111010000111100000000000100000,,00111111011111111111111111000000


	00000000000000000000000000000000,,00000000000000000000000000000000


	00111010000111011111110011111011,,00111111011111111111111111000000


	00000000000000000000000000000000,,00000000000000000000000000000000


	00111011101100100100101101001100,,00111111011111111111111111100000


	00000000000000000000000000000000,,00000000000000000000000000000000


	00111100011110010011110010010111,,00111111011111111111111111100000


	00000000000000000000000000000000,,00000000000000000000000000000000


	00111100111101101010010011010110,,00111111100000000000000000000000


	00000000000000000000000000000000,,00000000000000000000000000000000


	00111101010011101000101101001100,,00111111011111111111111111100000


	00000000000000000000000000000000,,00000000000000000000000000000000


	00111101100111001101011110000111,,00111111100000000000000000000000


	00000000000000000000000000000000,,00000000000000000000000000000000


	00111101110111111000000111000011,,00111111100000000000000000000000


	00000000000000000000000000000000,,00000000000000000000000000000000


	00111110000110000101111001000000,,00111111011111111111111111100000


	00000000000000000000000000000000,,00000000000000000000000000000000


	00111110010010010011001111110001,,00111111100000000000000000000000


	00000000000000000000000000000000,,00000000000000000000000000000000


	00111110100000011011100101111010,,00111111100000000000000000000000


	00000000000000000000000000000000,,00000000000000000000000000000000


	00111110101001000100111010111111,,00111111100000000000000000000000


	00000000000000000000000000000000,,00000000000000000000000000000000


	00111110110011010100111101100000,,00111111100000000000000000000000


	00000000000000000000000000000000,,00000000000000000000000000000000


	00111110111111011111010010110010,,00111111100000000000000000000000


	00000000000000000000000000000000,,00000000000000000000000000000000


	00111111000110111110100110111000,,00111111100000000000000000000000


	00000000000000000000000000000000,,00000000000000000000000000000000


	00111111001111100111110010000110,,00111111100000000000000000000000


	00000000000000000000000000000000,,00000000000000000000000000000000


	00111111011010000000110101000001,,00111111011111111111111111100000


	00000000000000000000000000000000,,00000000000000000000000000000000


	00111111100011010011010110010011,,00111111011111111111111111100000


	00000000000000000000000000000000,,00000000000000000000000000000000


	00111111101011000000010110101100,,00111111100000000000000000000000


	00000000000000000000000000000000,,00000000000000000000000000000000


	00111111110100100010101011111001,,00111111011111111111111111100000


	00000000000000000000000000000000,,00000000000000000000000000000000


	01000000000000010000011110011001,,00111111011111111111111111100000


	00000000000000000000000000000000,,00000000000000000000000000000000


	01000000000111111001101000101011,,00111111100000000000000000000000


	00000000000000000000000000000000,,00000000000000000000000000000000


	01000000010001110110111000011001,,00111111011111111111111111100000


	00000000000000000000000000000000,,00000000000000000000000000000000


	01000000011111001001100010001011,,00111111100000000000000000000000


	00000000000000000000000000000000,,00000000000000000000000000000000


	01000000101000101101110000100000,,00111111011111111111111111000000


	00000000000000000000000000000000,,00000000000000000000000000000000


	01000000110101110000111010110110,,00111111100000000000000000000000


	00000000000000000000000000000000,,00000000000000000000000000000000


	01000001000100101001101110010111,,00111111011111111111111111100000


	00000000000000000000000000000000,,00000000000000000000000000000000


	01000001010100001110110000010010,,00111111011111111111111111100000


	00000000000000000000000000000000,,00000000000000000000000000000000


	01000001100111101010010111100100,,00111111011111111111111111100000


	00000000000000000000000000000000,,00000000000000000000000000000000


	01000010000001001101101011101100,,00111111100000000000000000010000


	00000000000000000000000000000000,,00000000000000000000000000000000


	01000010100000110111100011101101,,00111111100000000000000000000000


	00000000000000000000000000000000,,00000000000000000000000000000000


	01000011001101111100100010000101,,00111111011111111111111111100000


	00000000000000000000000000000000,,00000000000000000000000000000000


	01000100110011110110110000100100,,00111111100000000000000000100000


	00000000000000000000000000000000,,00000000000000000000000000000000


	00000000000000000000000000000000,,00000000000000000000000000000000


Stopped at time : 7685 ns : File "C:/workspace/ise_project/FFT/Ab_Mag_tb.v" Line 170
